<?xml version="1.0" encoding="UTF-8"?>
<!-- Generated by org.testng.reporters.JUnitReportReporter -->
<testsuite hostname="LAPTOP-38MVGN1Q" failures="0" tests="6" name="scripts.ExampleScript" time="0.016" errors="0" timestamp="2023-06-28T10:39:42 IST" skipped="0">
  <testcase classname="scripts.ExampleScript" name="signup" time="0.008"/>
  <testcase classname="scripts.ExampleScript" name="login" time="0.002"/>
  <testcase classname="scripts.ExampleScript" name="destination" time="0.001"/>
  <testcase classname="scripts.ExampleScript" name="flightbook" time="0.002"/>
  <testcase classname="scripts.ExampleScript" name="hotelbook" time="0.002"/>
  <testcase classname="scripts.ExampleScript" name="logout" time="0.001"/>
</testsuite> <!-- scripts.ExampleScript -->
